# JRE version: OpenJDK Runtime Environment (7.0_79-b14) (build 1.7.0_79-b14)
# Java VM: OpenJDK 64-Bit Server VM (24.79-b02 mixed mode linux-amd64 compressed oops)
Heap
 PSYoungGen      total 68096K, used 47089K [0x00000000eb600000, 0x00000000efb00000, 0x0000000100000000)
  eden space 65536K, 67% used [0x00000000eb600000,0x00000000ee184728,0x00000000ef600000)
  from space 2560K, 98% used [0x00000000ef880000,0x00000000efaf8020,0x00000000efb00000)
  to   space 2560K, 100% used [0x00000000ef600000,0x00000000ef880000,0x00000000ef880000)
 ParOldGen       total 41984K, used 14506K [0x00000000c2200000, 0x00000000c4b00000, 0x00000000eb600000)
  object space 41984K, 34% used [0x00000000c2200000,0x00000000c302aba0,0x00000000c4b00000)
 PSPermGen       total 21504K, used 16278K [0x00000000b7c00000, 0x00000000b9100000, 0x00000000c2200000)
  object space 21504K, 75% used [0x00000000b7c00000,0x00000000b8be5ac0,0x00000000b9100000)
GC Heap History (9 events):
Event: 0,849 GC heap before
{Heap before GC invocations=1 (full 0):
 PSYoungGen      total 18944K, used 16384K [0x00000000eb600000, 0x00000000ecb00000, 0x0000000100000000)
  eden space 16384K, 100% used [0x00000000eb600000,0x00000000ec600000,0x00000000ec600000)
  from space 2560K, 0% used [0x00000000ec880000,0x00000000ec880000,0x00000000ecb00000)
  to   space 2560K, 0% used [0x00000000ec600000,0x00000000ec600000,0x00000000ec880000)
 ParOldGen       total 41984K, used 0K [0x00000000c2200000, 0x00000000c4b00000, 0x00000000eb600000)
  object space 41984K, 0% used [0x00000000c2200000,0x00000000c2200000,0x00000000c4b00000)
 PSPermGen       total 21504K, used 7329K [0x00000000b7c00000, 0x00000000b9100000, 0x00000000c2200000)
  object space 21504K, 34% used [0x00000000b7c00000,0x00000000b8328558,0x00000000b9100000)
Event: 0,862 GC heap after
Heap after GC invocations=1 (full 0):
 PSYoungGen      total 18944K, used 2538K [0x00000000eb600000, 0x00000000edb00000, 0x0000000100000000)
  eden space 16384K, 0% used [0x00000000eb600000,0x00000000eb600000,0x00000000ec600000)
  from space 2560K, 99% used [0x00000000ec600000,0x00000000ec87a8f8,0x00000000ec880000)
  to   space 2560K, 0% used [0x00000000ed880000,0x00000000ed880000,0x00000000edb00000)
 ParOldGen       total 41984K, used 611K [0x00000000c2200000, 0x00000000c4b00000, 0x00000000eb600000)
  object space 41984K, 1% used [0x00000000c2200000,0x00000000c2298ff0,0x00000000c4b00000)
 PSPermGen       total 21504K, used 7329K [0x00000000b7c00000, 0x00000000b9100000, 0x00000000c2200000)
  object space 21504K, 34% used [0x00000000b7c00000,0x00000000b8328558,0x00000000b9100000)
}
Event: 1,503 GC heap before
{Heap before GC invocations=2 (full 0):
 PSYoungGen      total 18944K, used 18922K [0x00000000eb600000, 0x00000000edb00000, 0x0000000100000000)
  eden space 16384K, 100% used [0x00000000eb600000,0x00000000ec600000,0x00000000ec600000)
  from space 2560K, 99% used [0x00000000ec600000,0x00000000ec87a8f8,0x00000000ec880000)
  to   space 2560K, 0% used [0x00000000ed880000,0x00000000ed880000,0x00000000edb00000)
 ParOldGen       total 41984K, used 611K [0x00000000c2200000, 0x00000000c4b00000, 0x00000000eb600000)
  object space 41984K, 1% used [0x00000000c2200000,0x00000000c2298ff0,0x00000000c4b00000)
 PSPermGen       total 21504K, used 8348K [0x00000000b7c00000, 0x00000000b9100000, 0x00000000c2200000)
  object space 21504K, 38% used [0x00000000b7c00000,0x00000000b8427060,0x00000000b9100000)
Event: 1,512 GC heap after
Heap after GC invocations=2 (full 0):
 PSYoungGen      total 35328K, used 2329K [0x00000000eb600000, 0x00000000edb00000, 0x0000000100000000)
  eden space 32768K, 0% used [0x00000000eb600000,0x00000000eb600000,0x00000000ed600000)
  from space 2560K, 90% used [0x00000000ed880000,0x00000000edac65c0,0x00000000edb00000)
  to   space 2560K, 0% used [0x00000000ed600000,0x00000000ed600000,0x00000000ed880000)
 ParOldGen       total 41984K, used 619K [0x00000000c2200000, 0x00000000c4b00000, 0x00000000eb600000)
  object space 41984K, 1% used [0x00000000c2200000,0x00000000c229aff0,0x00000000c4b00000)
 PSPermGen       total 21504K, used 8348K [0x00000000b7c00000, 0x00000000b9100000, 0x00000000c2200000)
  object space 21504K, 38% used [0x00000000b7c00000,0x00000000b8427060,0x00000000b9100000)
}
Event: 2,621 GC heap before
{Heap before GC invocations=3 (full 0):
 PSYoungGen      total 35328K, used 35097K [0x00000000eb600000, 0x00000000edb00000, 0x0000000100000000)
  eden space 32768K, 100% used [0x00000000eb600000,0x00000000ed600000,0x00000000ed600000)
  from space 2560K, 90% used [0x00000000ed880000,0x00000000edac65c0,0x00000000edb00000)
  to   space 2560K, 0% used [0x00000000ed600000,0x00000000ed600000,0x00000000ed880000)
 ParOldGen       total 41984K, used 619K [0x00000000c2200000, 0x00000000c4b00000, 0x00000000eb600000)
  object space 41984K, 1% used [0x00000000c2200000,0x00000000c229aff0,0x00000000c4b00000)
 PSPermGen       total 21504K, used 12242K [0x00000000b7c00000, 0x00000000b9100000, 0x00000000c2200000)
  object space 21504K, 56% used [0x00000000b7c00000,0x00000000b87f49d0,0x00000000b9100000)
Event: 2,641 GC heap after
Heap after GC invocations=3 (full 0):
 PSYoungGen      total 35328K, used 2560K [0x00000000eb600000, 0x00000000efb00000, 0x0000000100000000)
  eden space 32768K, 0% used [0x00000000eb600000,0x00000000eb600000,0x00000000ed600000)
  from space 2560K, 100% used [0x00000000ed600000,0x00000000ed880000,0x00000000ed880000)
  to   space 2560K, 0% used [0x00000000ef880000,0x00000000ef880000,0x00000000efb00000)
 ParOldGen       total 41984K, used 4835K [0x00000000c2200000, 0x00000000c4b00000, 0x00000000eb600000)
  object space 41984K, 11% used [0x00000000c2200000,0x00000000c26b8e00,0x00000000c4b00000)
 PSPermGen       total 21504K, used 12242K [0x00000000b7c00000, 0x00000000b9100000, 0x00000000c2200000)
  object space 21504K, 56% used [0x00000000b7c00000,0x00000000b87f49d0,0x00000000b9100000)
}
Event: 4,299 GC heap before
{Heap before GC invocations=4 (full 0):
 PSYoungGen      total 35328K, used 35328K [0x00000000eb600000, 0x00000000efb00000, 0x0000000100000000)
  eden space 32768K, 100% used [0x00000000eb600000,0x00000000ed600000,0x00000000ed600000)
  from space 2560K, 100% used [0x00000000ed600000,0x00000000ed880000,0x00000000ed880000)
  to   space 2560K, 0% used [0x00000000ef880000,0x00000000ef880000,0x00000000efb00000)
 ParOldGen       total 41984K, used 4835K [0x00000000c2200000, 0x00000000c4b00000, 0x00000000eb600000)
  object space 41984K, 11% used [0x00000000c2200000,0x00000000c26b8e00,0x00000000c4b00000)
 PSPermGen       total 21504K, used 14592K [0x00000000b7c00000, 0x00000000b9100000, 0x00000000c2200000)
  object space 21504K, 67% used [0x00000000b7c00000,0x00000000b8a40118,0x00000000b9100000)
Event: 4,355 GC heap after
Heap after GC invocations=4 (full 0):
 PSYoungGen      total 68096K, used 2528K [0x00000000eb600000, 0x00000000efb00000, 0x0000000100000000)
  eden space 65536K, 0% used [0x00000000eb600000,0x00000000eb600000,0x00000000ef600000)
  from space 2560K, 98% used [0x00000000ef880000,0x00000000efaf8020,0x00000000efb00000)
  to   space 2560K, 0% used [0x00000000ef600000,0x00000000ef600000,0x00000000ef880000)
 ParOldGen       total 41984K, used 8894K [0x00000000c2200000, 0x00000000c4b00000, 0x00000000eb600000)
  object space 41984K, 21% used [0x00000000c2200000,0x00000000c2aaf840,0x00000000c4b00000)
 PSPermGen       total 21504K, used 14592K [0x00000000b7c00000, 0x00000000b9100000, 0x00000000c2200000)
  object space 21504K, 67% used [0x00000000b7c00000,0x00000000b8a40118,0x00000000b9100000)
}
Event: 223,171 GC heap before
{Heap before GC invocations=5 (full 0):
 PSYoungGen      total 68096K, used 47089K [0x00000000eb600000, 0x00000000efb00000, 0x0000000100000000)
  eden space 65536K, 67% used [0x00000000eb600000,0x00000000ee184728,0x00000000ef600000)
  from space 2560K, 98% used [0x00000000ef880000,0x00000000efaf8020,0x00000000efb00000)
  to   space 2560K, 0% used [0x00000000ef600000,0x00000000ef600000,0x00000000ef880000)
 ParOldGen       total 41984K, used 8894K [0x00000000c2200000, 0x00000000c4b00000, 0x00000000eb600000)
  object space 41984K, 21% used [0x00000000c2200000,0x00000000c2aaf840,0x00000000c4b00000)
 PSPermGen       total 21504K, used 16278K [0x00000000b7c00000, 0x00000000b9100000, 0x00000000c2200000)
  object space 21504K, 75% used [0x00000000b7c00000,0x00000000b8be5ac0,0x00000000b9100000)

